2026-04-12 23:18:19  INFO      Launching Chrome subprocess on CDP port 9223...
2026-04-12 23:18:23  INFO      Connected to Chrome via CDP
2026-04-12 23:18:23  INFO      Warm-up: visiting Ajio homepage...
2026-04-12 23:18:31  INFO      Warm-up complete — cookies seeded
2026-04-12 23:18:31  INFO      Checking size '4' ...
2026-04-12 23:18:31  INFO      Navigating to product page...
2026-04-12 23:18:43  INFO      Found 6 size elements
2026-04-12 23:18:43  INFO        Size 4 is OUT OF STOCK
2026-04-12 23:18:43  INFO        In stock : ['6', '7', '8']
2026-04-12 23:18:43  INFO        OOS      : ['3', '4', '5']
2026-04-12 23:18:43  INFO      Single-check done.
2026-04-12 23:18:43  INFO      Browser closed
2026-04-12 23:18:43  INFO      Monitor stopped.
2026-04-13 07:58:44  INFO      Launching Chrome subprocess on port 9223 ...
2026-04-13 07:58:47  INFO      Connected to Chrome via CDP
2026-04-13 07:58:47  INFO      Warm-up: seeding cookies from Ajio homepage...
2026-04-13 07:58:55  INFO      Warm-up complete
2026-04-13 07:58:55  INFO      Checking size '4' ...
2026-04-13 07:58:55  INFO      Navigating to product page...
2026-04-13 07:59:04  INFO      Found 6 size elements
2026-04-13 07:59:05  INFO        Size 4 is OUT OF STOCK
2026-04-13 07:59:05  INFO        In stock : ['6', '7', '8']
2026-04-13 07:59:05  INFO        OOS      : ['3', '4', '5']
2026-04-13 07:59:05  INFO      Single-check done.
2026-04-13 07:59:05  INFO      Browser closed
2026-04-13 07:59:05  INFO      Monitor stopped.
2026-04-13 20:31:20  INFO      Launching Chrome subprocess on port 9223 ...
2026-04-13 20:31:24  INFO      Connected to Chrome via CDP
2026-04-13 20:31:24  INFO      Warm-up: seeding cookies from Ajio homepage...
2026-04-13 20:31:32  INFO      Warm-up complete
2026-04-13 20:31:32  INFO      Monitoring started. Press Ctrl+C to stop.

2026-04-13 20:31:32  INFO      Checking size '4' ...
2026-04-13 20:31:32  INFO      Navigating to product page...
2026-04-13 20:31:42  INFO      Found 6 size elements
2026-04-13 20:31:42  INFO        Size 4 is OUT OF STOCK
2026-04-13 20:31:42  INFO        In stock : ['5', '6', '7', '8']
2026-04-13 20:31:42  INFO        OOS      : ['3', '4']
2026-04-13 20:31:42  INFO      Sleeping 15 min (next check ~20:31:42) ...

2026-04-13 20:32:53  INFO      Interrupt received — shutting down...
2026-04-13 20:32:58  INFO      Browser closed
2026-04-13 20:32:58  INFO      Monitor stopped.
